2022/07/21 16:05:51 [notice] 1#1: using the "epoll" event method
2022/07/21 16:05:51 [notice] 1#1: nginx/1.23.1
2022/07/21 16:05:51 [notice] 1#1: built by gcc 11.2.1 20220219 (Alpine 11.2.1_git20220219) 
2022/07/21 16:05:51 [notice] 1#1: OS: Linux 5.10.16.3-microsoft-standard-WSL2
2022/07/21 16:05:51 [notice] 1#1: getrlimit(RLIMIT_NOFILE): 1048576:1048576
2022/07/21 16:05:51 [notice] 1#1: start worker processes
2022/07/21 16:05:51 [notice] 1#1: start worker process 31
2022/07/21 16:05:51 [notice] 1#1: start worker process 32
2022/07/21 16:05:51 [notice] 1#1: start worker process 33
2022/07/21 16:05:51 [notice] 1#1: start worker process 34
2022/07/21 16:05:51 [notice] 1#1: start worker process 35
2022/07/21 16:05:51 [notice] 1#1: start worker process 36
2022/07/21 16:05:51 [notice] 1#1: start worker process 37
2022/07/21 16:05:51 [notice] 1#1: start worker process 38
2022/07/21 16:05:51 [notice] 1#1: start worker process 39
2022/07/21 16:05:51 [notice] 1#1: start worker process 40
2022/07/21 16:05:51 [notice] 1#1: start worker process 41
2022/07/21 16:05:51 [notice] 1#1: start worker process 42
2022/07/21 16:06:06 [error] 32#32: *2 FastCGI sent in stderr: "Primary script unknown" while reading response header from upstream, client: 172.20.0.1, server: , request: "GET / HTTP/1.1", upstream: "fastcgi://172.20.0.2:9000", host: "localhost:8080"
2022/07/21 16:06:16 [error] 32#32: *2 FastCGI sent in stderr: "Primary script unknown" while reading response header from upstream, client: 172.20.0.1, server: , request: "GET /index.php HTTP/1.1", upstream: "fastcgi://172.20.0.2:9000", host: "localhost:8080"
2022/07/21 16:06:48 [notice] 1#1: signal 3 (SIGQUIT) received, shutting down
2022/07/21 16:06:48 [notice] 31#31: gracefully shutting down
2022/07/21 16:06:48 [notice] 32#32: gracefully shutting down
2022/07/21 16:06:48 [notice] 33#33: gracefully shutting down
2022/07/21 16:06:48 [notice] 32#32: exiting
2022/07/21 16:06:48 [notice] 34#34: gracefully shutting down
2022/07/21 16:06:48 [notice] 35#35: gracefully shutting down
2022/07/21 16:06:48 [notice] 36#36: gracefully shutting down
2022/07/21 16:06:48 [notice] 37#37: gracefully shutting down
2022/07/21 16:06:48 [notice] 38#38: gracefully shutting down
2022/07/21 16:06:48 [notice] 39#39: gracefully shutting down
2022/07/21 16:06:48 [notice] 41#41: gracefully shutting down
2022/07/21 16:06:48 [notice] 40#40: gracefully shutting down
2022/07/21 16:06:48 [notice] 42#42: gracefully shutting down
2022/07/21 16:06:48 [notice] 33#33: exiting
2022/07/21 16:06:48 [notice] 32#32: exit
2022/07/21 16:06:48 [notice] 34#34: exiting
2022/07/21 16:06:48 [notice] 35#35: exiting
2022/07/21 16:06:48 [notice] 36#36: exiting
2022/07/21 16:06:48 [notice] 37#37: exiting
2022/07/21 16:06:48 [notice] 38#38: exiting
2022/07/21 16:06:48 [notice] 39#39: exiting
2022/07/21 16:06:48 [notice] 41#41: exiting
2022/07/21 16:06:48 [notice] 40#40: exiting
2022/07/21 16:06:48 [notice] 42#42: exiting
2022/07/21 16:06:48 [notice] 33#33: exit
2022/07/21 16:06:48 [notice] 34#34: exit
2022/07/21 16:06:48 [notice] 35#35: exit
2022/07/21 16:06:48 [notice] 36#36: exit
2022/07/21 16:06:48 [notice] 37#37: exit
2022/07/21 16:06:48 [notice] 38#38: exit
2022/07/21 16:06:48 [notice] 39#39: exit
2022/07/21 16:06:48 [notice] 41#41: exit
2022/07/21 16:06:48 [notice] 40#40: exit
2022/07/21 16:06:48 [notice] 42#42: exit
2022/07/21 16:06:48 [notice] 1#1: signal 17 (SIGCHLD) received from 36
2022/07/21 16:06:48 [notice] 1#1: worker process 32 exited with code 0
2022/07/21 16:06:48 [notice] 1#1: worker process 34 exited with code 0
2022/07/21 16:06:48 [notice] 1#1: worker process 36 exited with code 0
2022/07/21 16:06:48 [notice] 1#1: worker process 41 exited with code 0
2022/07/21 16:06:48 [notice] 1#1: signal 29 (SIGIO) received
2022/07/21 16:06:48 [notice] 1#1: signal 17 (SIGCHLD) received from 34
2022/07/21 16:06:48 [notice] 1#1: signal 17 (SIGCHLD) received from 40
2022/07/21 16:06:48 [notice] 1#1: worker process 33 exited with code 0
2022/07/21 16:06:48 [notice] 1#1: worker process 37 exited with code 0
2022/07/21 16:06:48 [notice] 1#1: worker process 38 exited with code 0
2022/07/21 16:06:48 [notice] 1#1: worker process 40 exited with code 0
2022/07/21 16:06:48 [notice] 1#1: signal 29 (SIGIO) received
2022/07/21 16:06:48 [notice] 1#1: signal 17 (SIGCHLD) received from 35
2022/07/21 16:06:48 [notice] 1#1: worker process 35 exited with code 0
2022/07/21 16:06:48 [notice] 1#1: worker process 42 exited with code 0
2022/07/21 16:06:48 [notice] 1#1: signal 29 (SIGIO) received
2022/07/21 16:06:48 [notice] 1#1: signal 17 (SIGCHLD) received from 39
2022/07/21 16:06:48 [notice] 1#1: worker process 39 exited with code 0
2022/07/21 16:06:48 [notice] 1#1: signal 29 (SIGIO) received
2022/07/21 16:07:58 [notice] 1#1: using the "epoll" event method
2022/07/21 16:07:58 [notice] 1#1: nginx/1.23.1
2022/07/21 16:07:58 [notice] 1#1: built by gcc 11.2.1 20220219 (Alpine 11.2.1_git20220219) 
2022/07/21 16:07:58 [notice] 1#1: OS: Linux 5.10.16.3-microsoft-standard-WSL2
2022/07/21 16:07:58 [notice] 1#1: getrlimit(RLIMIT_NOFILE): 1048576:1048576
2022/07/21 16:07:58 [notice] 1#1: start worker processes
2022/07/21 16:07:58 [notice] 1#1: start worker process 31
2022/07/21 16:07:58 [notice] 1#1: start worker process 32
2022/07/21 16:07:58 [notice] 1#1: start worker process 33
2022/07/21 16:07:58 [notice] 1#1: start worker process 34
2022/07/21 16:07:58 [notice] 1#1: start worker process 35
2022/07/21 16:07:58 [notice] 1#1: start worker process 36
2022/07/21 16:07:58 [notice] 1#1: start worker process 37
2022/07/21 16:07:58 [notice] 1#1: start worker process 38
2022/07/21 16:07:58 [notice] 1#1: start worker process 39
2022/07/21 16:07:58 [notice] 1#1: start worker process 40
2022/07/21 16:07:58 [notice] 1#1: start worker process 41
2022/07/21 16:07:58 [notice] 1#1: start worker process 42
2022/07/21 16:08:06 [error] 31#31: *1 FastCGI sent in stderr: "Primary script unknown" while reading response header from upstream, client: 172.22.0.1, server: , request: "GET /index.php HTTP/1.1", upstream: "fastcgi://172.22.0.2:9000", host: "localhost:8080"
2022/07/21 16:08:11 [error] 31#31: *1 FastCGI sent in stderr: "Primary script unknown" while reading response header from upstream, client: 172.22.0.1, server: , request: "GET / HTTP/1.1", upstream: "fastcgi://172.22.0.2:9000", host: "localhost:8080"
2022/07/21 16:11:49 [notice] 1#1: signal 3 (SIGQUIT) received, shutting down
2022/07/21 16:11:49 [notice] 31#31: gracefully shutting down
2022/07/21 16:11:49 [notice] 32#32: gracefully shutting down
2022/07/21 16:11:49 [notice] 33#33: gracefully shutting down
2022/07/21 16:11:49 [notice] 34#34: gracefully shutting down
2022/07/21 16:11:49 [notice] 35#35: gracefully shutting down
2022/07/21 16:11:49 [notice] 36#36: gracefully shutting down
2022/07/21 16:11:49 [notice] 38#38: gracefully shutting down
2022/07/21 16:11:49 [notice] 37#37: gracefully shutting down
2022/07/21 16:11:49 [notice] 39#39: gracefully shutting down
2022/07/21 16:11:49 [notice] 40#40: gracefully shutting down
2022/07/21 16:11:49 [notice] 41#41: gracefully shutting down
2022/07/21 16:11:49 [notice] 42#42: gracefully shutting down
2022/07/21 16:11:49 [notice] 31#31: exiting
2022/07/21 16:11:49 [notice] 32#32: exiting
2022/07/21 16:11:49 [notice] 33#33: exiting
2022/07/21 16:11:49 [notice] 31#31: exit
2022/07/21 16:11:49 [notice] 34#34: exiting
2022/07/21 16:11:49 [notice] 35#35: exiting
2022/07/21 16:11:49 [notice] 36#36: exiting
2022/07/21 16:11:49 [notice] 38#38: exiting
2022/07/21 16:11:49 [notice] 37#37: exiting
2022/07/21 16:11:49 [notice] 39#39: exiting
2022/07/21 16:11:49 [notice] 37#37: exit
2022/07/21 16:11:49 [notice] 40#40: exiting
2022/07/21 16:11:49 [notice] 41#41: exiting
2022/07/21 16:11:49 [notice] 42#42: exiting
2022/07/21 16:11:49 [notice] 32#32: exit
2022/07/21 16:11:49 [notice] 33#33: exit
2022/07/21 16:11:49 [notice] 34#34: exit
2022/07/21 16:11:49 [notice] 35#35: exit
2022/07/21 16:11:49 [notice] 36#36: exit
2022/07/21 16:11:49 [notice] 38#38: exit
2022/07/21 16:11:49 [notice] 39#39: exit
2022/07/21 16:11:49 [notice] 40#40: exit
2022/07/21 16:11:49 [notice] 41#41: exit
2022/07/21 16:11:49 [notice] 42#42: exit
2022/07/21 16:11:49 [notice] 1#1: signal 17 (SIGCHLD) received from 40
2022/07/21 16:11:49 [notice] 1#1: worker process 31 exited with code 0
2022/07/21 16:11:49 [notice] 1#1: worker process 32 exited with code 0
2022/07/21 16:11:49 [notice] 1#1: worker process 34 exited with code 0
2022/07/21 16:11:49 [notice] 1#1: worker process 36 exited with code 0
2022/07/21 16:11:49 [notice] 1#1: worker process 37 exited with code 0
2022/07/21 16:11:49 [notice] 1#1: worker process 38 exited with code 0
2022/07/21 16:11:49 [notice] 1#1: worker process 39 exited with code 0
2022/07/21 16:11:49 [notice] 1#1: worker process 40 exited with code 0
2022/07/21 16:11:49 [notice] 1#1: worker process 41 exited with code 0
2022/07/21 16:11:49 [notice] 1#1: worker process 42 exited with code 0
2022/07/21 16:11:49 [notice] 1#1: signal 29 (SIGIO) received
2022/07/21 16:11:49 [notice] 1#1: signal 17 (SIGCHLD) received from 42
2022/07/21 16:11:49 [notice] 1#1: signal 17 (SIGCHLD) received from 35
2022/07/21 16:11:49 [notice] 1#1: worker process 35 exited with code 0
2022/07/21 16:11:49 [notice] 1#1: signal 29 (SIGIO) received
2022/07/21 16:11:49 [notice] 1#1: signal 17 (SIGCHLD) received from 33
2022/07/21 16:11:49 [notice] 1#1: worker process 33 exited with code 0
2022/07/21 16:11:49 [notice] 1#1: exit
2022/07/21 16:12:04 [notice] 1#1: using the "epoll" event method
2022/07/21 16:12:04 [notice] 1#1: nginx/1.23.1
2022/07/21 16:12:04 [notice] 1#1: built by gcc 11.2.1 20220219 (Alpine 11.2.1_git20220219) 
2022/07/21 16:12:04 [notice] 1#1: OS: Linux 5.10.16.3-microsoft-standard-WSL2
2022/07/21 16:12:04 [notice] 1#1: getrlimit(RLIMIT_NOFILE): 1048576:1048576
2022/07/21 16:12:04 [notice] 1#1: start worker processes
2022/07/21 16:12:04 [notice] 1#1: start worker process 31
2022/07/21 16:12:04 [notice] 1#1: start worker process 32
2022/07/21 16:12:04 [notice] 1#1: start worker process 33
2022/07/21 16:12:04 [notice] 1#1: start worker process 34
2022/07/21 16:12:04 [notice] 1#1: start worker process 35
2022/07/21 16:12:04 [notice] 1#1: start worker process 36
2022/07/21 16:12:04 [notice] 1#1: start worker process 37
2022/07/21 16:12:04 [notice] 1#1: start worker process 38
2022/07/21 16:12:04 [notice] 1#1: start worker process 39
2022/07/21 16:12:04 [notice] 1#1: start worker process 40
2022/07/21 16:12:04 [notice] 1#1: start worker process 41
2022/07/21 16:12:04 [notice] 1#1: start worker process 42
2022/07/21 16:18:48 [notice] 1#1: signal 3 (SIGQUIT) received, shutting down
2022/07/21 16:18:48 [notice] 31#31: gracefully shutting down
2022/07/21 16:18:48 [notice] 40#40: gracefully shutting down
2022/07/21 16:18:48 [notice] 32#32: gracefully shutting down
2022/07/21 16:18:48 [notice] 33#33: gracefully shutting down
2022/07/21 16:18:48 [notice] 34#34: gracefully shutting down
2022/07/21 16:18:48 [notice] 35#35: gracefully shutting down
2022/07/21 16:18:48 [notice] 36#36: gracefully shutting down
2022/07/21 16:18:48 [notice] 37#37: gracefully shutting down
2022/07/21 16:18:48 [notice] 38#38: gracefully shutting down
2022/07/21 16:18:48 [notice] 39#39: gracefully shutting down
2022/07/21 16:18:48 [notice] 41#41: gracefully shutting down
2022/07/21 16:18:48 [notice] 42#42: gracefully shutting down
2022/07/21 16:18:48 [notice] 31#31: exiting
2022/07/21 16:18:48 [notice] 40#40: exiting
2022/07/21 16:18:48 [notice] 32#32: exiting
2022/07/21 16:18:48 [notice] 33#33: exiting
2022/07/21 16:18:48 [notice] 34#34: exiting
2022/07/21 16:18:48 [notice] 35#35: exiting
2022/07/21 16:18:48 [notice] 36#36: exiting
2022/07/21 16:18:48 [notice] 35#35: exit
2022/07/21 16:18:48 [notice] 37#37: exiting
2022/07/21 16:18:48 [notice] 38#38: exiting
2022/07/21 16:18:48 [notice] 39#39: exiting
2022/07/21 16:18:48 [notice] 38#38: exit
2022/07/21 16:18:48 [notice] 41#41: exiting
2022/07/21 16:18:48 [notice] 42#42: exiting
2022/07/21 16:18:48 [notice] 31#31: exit
2022/07/21 16:18:48 [notice] 40#40: exit
2022/07/21 16:18:48 [notice] 32#32: exit
2022/07/21 16:18:48 [notice] 33#33: exit
2022/07/21 16:18:48 [notice] 34#34: exit
2022/07/21 16:18:48 [notice] 36#36: exit
2022/07/21 16:18:48 [notice] 37#37: exit
2022/07/21 16:18:48 [notice] 39#39: exit
2022/07/21 16:18:48 [notice] 41#41: exit
2022/07/21 16:18:48 [notice] 42#42: exit
2022/07/21 16:18:48 [notice] 1#1: signal 17 (SIGCHLD) received from 40
2022/07/21 16:18:48 [notice] 1#1: worker process 31 exited with code 0
2022/07/21 16:18:48 [notice] 1#1: worker process 32 exited with code 0
2022/07/21 16:18:48 [notice] 1#1: worker process 33 exited with code 0
2022/07/21 16:18:48 [notice] 1#1: worker process 34 exited with code 0
2022/07/21 16:18:48 [notice] 1#1: worker process 36 exited with code 0
2022/07/21 16:18:48 [notice] 1#1: worker process 37 exited with code 0
2022/07/21 16:18:48 [notice] 1#1: worker process 38 exited with code 0
2022/07/21 16:18:48 [notice] 1#1: worker process 40 exited with code 0
2022/07/21 16:18:48 [notice] 1#1: worker process 42 exited with code 0
2022/07/21 16:18:48 [notice] 1#1: signal 29 (SIGIO) received
2022/07/21 16:18:48 [notice] 1#1: signal 17 (SIGCHLD) received from 42
2022/07/21 16:18:48 [notice] 1#1: signal 17 (SIGCHLD) received from 41
2022/07/21 16:18:48 [notice] 1#1: worker process 35 exited with code 0
2022/07/21 16:18:48 [notice] 1#1: worker process 41 exited with code 0
2022/07/21 16:18:48 [notice] 1#1: signal 29 (SIGIO) received
2022/07/21 16:18:48 [notice] 1#1: signal 17 (SIGCHLD) received from 35
2022/07/21 16:18:48 [notice] 1#1: signal 17 (SIGCHLD) received from 39
2022/07/21 16:18:48 [notice] 1#1: worker process 39 exited with code 0
2022/07/21 16:18:48 [notice] 1#1: exit
2022/07/29 12:35:13 [notice] 1#1: using the "epoll" event method
2022/07/29 12:35:13 [notice] 1#1: nginx/1.23.1
2022/07/29 12:35:13 [notice] 1#1: built by gcc 11.2.1 20220219 (Alpine 11.2.1_git20220219) 
2022/07/29 12:35:13 [notice] 1#1: OS: Linux 5.10.16.3-microsoft-standard-WSL2
2022/07/29 12:35:13 [notice] 1#1: getrlimit(RLIMIT_NOFILE): 1048576:1048576
2022/07/29 12:35:13 [notice] 1#1: start worker processes
2022/07/29 12:35:13 [notice] 1#1: start worker process 31
2022/07/29 12:35:13 [notice] 1#1: start worker process 32
2022/07/29 12:35:13 [notice] 1#1: start worker process 33
2022/07/29 12:35:13 [notice] 1#1: start worker process 34
2022/07/29 12:35:13 [notice] 1#1: start worker process 35
2022/07/29 12:35:13 [notice] 1#1: start worker process 36
2022/07/29 12:35:13 [notice] 1#1: start worker process 37
2022/07/29 12:35:13 [notice] 1#1: start worker process 38
2022/07/29 12:35:13 [notice] 1#1: start worker process 39
2022/07/29 12:35:13 [notice] 1#1: start worker process 40
2022/07/29 12:35:13 [notice] 1#1: start worker process 41
2022/07/29 12:35:13 [notice] 1#1: start worker process 42
2022/07/29 12:35:51 [error] 31#31: *1 open() "/var/www/html/favicon.ico" failed (2: No such file or directory), client: 172.18.0.1, server: , request: "GET /favicon.ico HTTP/1.1", host: "localhost:8080", referrer: "http://localhost:8080/"
2022/07/29 12:38:59 [notice] 1#1: signal 3 (SIGQUIT) received, shutting down
2022/07/29 12:38:59 [notice] 31#31: gracefully shutting down
2022/07/29 12:38:59 [notice] 41#41: gracefully shutting down
2022/07/29 12:38:59 [notice] 32#32: gracefully shutting down
2022/07/29 12:38:59 [notice] 33#33: gracefully shutting down
2022/07/29 12:38:59 [notice] 34#34: gracefully shutting down
2022/07/29 12:38:59 [notice] 35#35: gracefully shutting down
2022/07/29 12:38:59 [notice] 36#36: gracefully shutting down
2022/07/29 12:38:59 [notice] 37#37: gracefully shutting down
2022/07/29 12:38:59 [notice] 38#38: gracefully shutting down
2022/07/29 12:38:59 [notice] 39#39: gracefully shutting down
2022/07/29 12:38:59 [notice] 40#40: gracefully shutting down
2022/07/29 12:38:59 [notice] 42#42: gracefully shutting down
2022/07/29 12:38:59 [notice] 31#31: exiting
2022/07/29 12:38:59 [notice] 41#41: exiting
2022/07/29 12:38:59 [notice] 31#31: exit
2022/07/29 12:38:59 [notice] 32#32: exiting
2022/07/29 12:38:59 [notice] 33#33: exiting
2022/07/29 12:38:59 [notice] 34#34: exiting
2022/07/29 12:38:59 [notice] 35#35: exiting
2022/07/29 12:38:59 [notice] 36#36: exiting
2022/07/29 12:38:59 [notice] 37#37: exiting
2022/07/29 12:38:59 [notice] 38#38: exiting
2022/07/29 12:38:59 [notice] 39#39: exiting
2022/07/29 12:38:59 [notice] 40#40: exiting
2022/07/29 12:38:59 [notice] 42#42: exiting
2022/07/29 12:38:59 [notice] 41#41: exit
2022/07/29 12:38:59 [notice] 32#32: exit
2022/07/29 12:38:59 [notice] 33#33: exit
2022/07/29 12:38:59 [notice] 34#34: exit
2022/07/29 12:38:59 [notice] 35#35: exit
2022/07/29 12:38:59 [notice] 36#36: exit
2022/07/29 12:38:59 [notice] 37#37: exit
2022/07/29 12:38:59 [notice] 38#38: exit
2022/07/29 12:38:59 [notice] 39#39: exit
2022/07/29 12:38:59 [notice] 40#40: exit
2022/07/29 12:38:59 [notice] 42#42: exit
2022/07/29 12:38:59 [notice] 1#1: signal 17 (SIGCHLD) received from 32
2022/07/29 12:38:59 [notice] 1#1: worker process 31 exited with code 0
2022/07/29 12:38:59 [notice] 1#1: worker process 32 exited with code 0
2022/07/29 12:38:59 [notice] 1#1: worker process 33 exited with code 0
2022/07/29 12:38:59 [notice] 1#1: worker process 35 exited with code 0
2022/07/29 12:38:59 [notice] 1#1: worker process 37 exited with code 0
2022/07/29 12:38:59 [notice] 1#1: worker process 39 exited with code 0
2022/07/29 12:38:59 [notice] 1#1: worker process 40 exited with code 0
2022/07/29 12:38:59 [notice] 1#1: signal 29 (SIGIO) received
2022/07/29 12:38:59 [notice] 1#1: signal 17 (SIGCHLD) received from 40
2022/07/29 12:38:59 [notice] 1#1: signal 17 (SIGCHLD) received from 36
2022/07/29 12:38:59 [notice] 1#1: worker process 36 exited with code 0
2022/07/29 12:38:59 [notice] 1#1: signal 29 (SIGIO) received
2022/07/29 12:38:59 [notice] 1#1: signal 17 (SIGCHLD) received from 42
2022/07/29 12:38:59 [notice] 1#1: worker process 34 exited with code 0
2022/07/29 12:38:59 [notice] 1#1: worker process 38 exited with code 0
2022/07/29 12:38:59 [notice] 1#1: worker process 41 exited with code 0
2022/07/29 12:38:59 [notice] 1#1: worker process 42 exited with code 0
2022/07/29 12:38:59 [notice] 1#1: exit
2022/07/29 12:40:35 [notice] 1#1: using the "epoll" event method
2022/07/29 12:40:35 [notice] 1#1: nginx/1.23.1
2022/07/29 12:40:35 [notice] 1#1: built by gcc 11.2.1 20220219 (Alpine 11.2.1_git20220219) 
2022/07/29 12:40:35 [notice] 1#1: OS: Linux 5.10.16.3-microsoft-standard-WSL2
2022/07/29 12:40:35 [notice] 1#1: getrlimit(RLIMIT_NOFILE): 1048576:1048576
2022/07/29 12:40:35 [notice] 1#1: start worker processes
2022/07/29 12:40:35 [notice] 1#1: start worker process 31
2022/07/29 12:40:35 [notice] 1#1: start worker process 32
2022/07/29 12:40:35 [notice] 1#1: start worker process 33
2022/07/29 12:40:35 [notice] 1#1: start worker process 34
2022/07/29 12:40:35 [notice] 1#1: start worker process 35
2022/07/29 12:40:35 [notice] 1#1: start worker process 36
2022/07/29 12:40:35 [notice] 1#1: start worker process 37
2022/07/29 12:40:35 [notice] 1#1: start worker process 38
2022/07/29 12:40:35 [notice] 1#1: start worker process 39
2022/07/29 12:40:35 [notice] 1#1: start worker process 40
2022/07/29 12:40:35 [notice] 1#1: start worker process 41
2022/07/29 12:40:35 [notice] 1#1: start worker process 42
2022/07/29 12:45:42 [notice] 1#1: signal 3 (SIGQUIT) received, shutting down
2022/07/29 12:45:42 [notice] 31#31: gracefully shutting down
2022/07/29 12:45:42 [notice] 32#32: gracefully shutting down
2022/07/29 12:45:42 [notice] 34#34: gracefully shutting down
2022/07/29 12:45:42 [notice] 33#33: gracefully shutting down
2022/07/29 12:45:42 [notice] 35#35: gracefully shutting down
2022/07/29 12:45:42 [notice] 36#36: gracefully shutting down
2022/07/29 12:45:42 [notice] 37#37: gracefully shutting down
2022/07/29 12:45:42 [notice] 38#38: gracefully shutting down
2022/07/29 12:45:42 [notice] 39#39: gracefully shutting down
2022/07/29 12:45:42 [notice] 40#40: gracefully shutting down
2022/07/29 12:45:42 [notice] 41#41: gracefully shutting down
2022/07/29 12:45:42 [notice] 42#42: gracefully shutting down
2022/07/29 12:45:42 [notice] 31#31: exiting
2022/07/29 12:45:42 [notice] 32#32: exiting
2022/07/29 12:45:42 [notice] 31#31: exit
2022/07/29 12:45:42 [notice] 34#34: exiting
2022/07/29 12:45:42 [notice] 33#33: exiting
2022/07/29 12:45:42 [notice] 35#35: exiting
2022/07/29 12:45:42 [notice] 36#36: exiting
2022/07/29 12:45:42 [notice] 37#37: exiting
2022/07/29 12:45:42 [notice] 38#38: exiting
2022/07/29 12:45:42 [notice] 39#39: exiting
2022/07/29 12:45:42 [notice] 40#40: exiting
2022/07/29 12:45:42 [notice] 41#41: exiting
2022/07/29 12:45:42 [notice] 42#42: exiting
2022/07/29 12:45:42 [notice] 32#32: exit
2022/07/29 12:45:42 [notice] 34#34: exit
2022/07/29 12:45:42 [notice] 33#33: exit
2022/07/29 12:45:42 [notice] 35#35: exit
2022/07/29 12:45:42 [notice] 36#36: exit
2022/07/29 12:45:42 [notice] 37#37: exit
2022/07/29 12:45:42 [notice] 38#38: exit
2022/07/29 12:45:42 [notice] 39#39: exit
2022/07/29 12:45:42 [notice] 40#40: exit
2022/07/29 12:45:42 [notice] 41#41: exit
2022/07/29 12:45:42 [notice] 42#42: exit
2022/07/29 12:45:42 [notice] 1#1: signal 17 (SIGCHLD) received from 42
2022/07/29 12:45:42 [notice] 1#1: worker process 31 exited with code 0
2022/07/29 12:45:42 [notice] 1#1: worker process 34 exited with code 0
2022/07/29 12:45:42 [notice] 1#1: worker process 36 exited with code 0
2022/07/29 12:45:42 [notice] 1#1: worker process 40 exited with code 0
2022/07/29 12:45:42 [notice] 1#1: worker process 41 exited with code 0
2022/07/29 12:45:42 [notice] 1#1: worker process 42 exited with code 0
2022/07/29 12:45:42 [notice] 1#1: signal 29 (SIGIO) received
2022/07/29 12:45:42 [notice] 1#1: signal 17 (SIGCHLD) received from 41
2022/07/29 12:45:42 [notice] 1#1: signal 17 (SIGCHLD) received from 37
2022/07/29 12:45:42 [notice] 1#1: worker process 37 exited with code 0
2022/07/29 12:45:42 [notice] 1#1: signal 29 (SIGIO) received
2022/07/29 12:45:42 [notice] 1#1: signal 17 (SIGCHLD) received from 33
2022/07/29 12:45:42 [notice] 1#1: worker process 33 exited with code 0
2022/07/29 12:45:42 [notice] 1#1: worker process 38 exited with code 0
2022/07/29 12:45:42 [notice] 1#1: signal 29 (SIGIO) received
2022/07/29 12:45:42 [notice] 1#1: signal 17 (SIGCHLD) received from 38
2022/07/29 12:45:42 [notice] 1#1: signal 17 (SIGCHLD) received from 35
2022/07/29 12:45:42 [notice] 1#1: worker process 32 exited with code 0
2022/07/29 12:45:42 [notice] 1#1: worker process 35 exited with code 0
2022/07/29 12:45:42 [notice] 1#1: signal 29 (SIGIO) received
2022/07/29 12:45:42 [notice] 1#1: signal 17 (SIGCHLD) received from 39
2022/07/29 12:45:42 [notice] 1#1: worker process 39 exited with code 0
2022/07/29 12:45:42 [notice] 1#1: exit
2022/07/29 12:50:39 [notice] 1#1: using the "epoll" event method
2022/07/29 12:50:39 [notice] 1#1: nginx/1.23.1
2022/07/29 12:50:39 [notice] 1#1: built by gcc 11.2.1 20220219 (Alpine 11.2.1_git20220219) 
2022/07/29 12:50:39 [notice] 1#1: OS: Linux 5.10.16.3-microsoft-standard-WSL2
2022/07/29 12:50:39 [notice] 1#1: getrlimit(RLIMIT_NOFILE): 1048576:1048576
2022/07/29 12:50:39 [notice] 1#1: start worker processes
2022/07/29 12:50:39 [notice] 1#1: start worker process 31
2022/07/29 12:50:39 [notice] 1#1: start worker process 32
2022/07/29 12:50:39 [notice] 1#1: start worker process 33
2022/07/29 12:50:39 [notice] 1#1: start worker process 34
2022/07/29 12:50:39 [notice] 1#1: start worker process 35
2022/07/29 12:50:39 [notice] 1#1: start worker process 36
2022/07/29 12:50:39 [notice] 1#1: start worker process 37
2022/07/29 12:50:39 [notice] 1#1: start worker process 38
2022/07/29 12:50:39 [notice] 1#1: start worker process 39
2022/07/29 12:50:39 [notice] 1#1: start worker process 40
2022/07/29 12:50:39 [notice] 1#1: start worker process 41
2022/07/29 12:50:39 [notice] 1#1: start worker process 42
2022/07/29 13:04:48 [notice] 1#1: signal 3 (SIGQUIT) received, shutting down
2022/07/29 13:04:48 [notice] 31#31: gracefully shutting down
2022/07/29 13:04:48 [notice] 32#32: gracefully shutting down
2022/07/29 13:04:48 [notice] 33#33: gracefully shutting down
2022/07/29 13:04:48 [notice] 34#34: gracefully shutting down
2022/07/29 13:04:48 [notice] 35#35: gracefully shutting down
2022/07/29 13:04:48 [notice] 36#36: gracefully shutting down
2022/07/29 13:04:48 [notice] 37#37: gracefully shutting down
2022/07/29 13:04:48 [notice] 38#38: gracefully shutting down
2022/07/29 13:04:48 [notice] 39#39: gracefully shutting down
2022/07/29 13:04:48 [notice] 40#40: gracefully shutting down
2022/07/29 13:04:48 [notice] 41#41: gracefully shutting down
2022/07/29 13:04:48 [notice] 42#42: gracefully shutting down
2022/07/29 13:04:48 [notice] 31#31: exiting
2022/07/29 13:04:48 [notice] 32#32: exiting
2022/07/29 13:04:48 [notice] 31#31: exit
2022/07/29 13:04:48 [notice] 33#33: exiting
2022/07/29 13:04:48 [notice] 34#34: exiting
2022/07/29 13:04:48 [notice] 35#35: exiting
2022/07/29 13:04:48 [notice] 36#36: exiting
2022/07/29 13:04:48 [notice] 37#37: exiting
2022/07/29 13:04:48 [notice] 38#38: exiting
2022/07/29 13:04:48 [notice] 39#39: exiting
2022/07/29 13:04:48 [notice] 40#40: exiting
2022/07/29 13:04:48 [notice] 41#41: exiting
2022/07/29 13:04:48 [notice] 42#42: exiting
2022/07/29 13:04:48 [notice] 32#32: exit
2022/07/29 13:04:48 [notice] 33#33: exit
2022/07/29 13:04:48 [notice] 34#34: exit
2022/07/29 13:04:48 [notice] 35#35: exit
2022/07/29 13:04:48 [notice] 36#36: exit
2022/07/29 13:04:48 [notice] 37#37: exit
2022/07/29 13:04:48 [notice] 38#38: exit
2022/07/29 13:04:48 [notice] 39#39: exit
2022/07/29 13:04:48 [notice] 40#40: exit
2022/07/29 13:04:48 [notice] 41#41: exit
2022/07/29 13:04:48 [notice] 42#42: exit
2022/07/29 13:04:48 [notice] 1#1: signal 17 (SIGCHLD) received from 41
2022/07/29 13:04:48 [notice] 1#1: worker process 41 exited with code 0
2022/07/29 13:04:48 [notice] 1#1: signal 29 (SIGIO) received
2022/07/29 13:04:48 [notice] 1#1: signal 17 (SIGCHLD) received from 40
2022/07/29 13:04:48 [notice] 1#1: worker process 31 exited with code 0
2022/07/29 13:04:48 [notice] 1#1: worker process 32 exited with code 0
2022/07/29 13:04:48 [notice] 1#1: worker process 33 exited with code 0
2022/07/29 13:04:48 [notice] 1#1: worker process 35 exited with code 0
2022/07/29 13:04:48 [notice] 1#1: worker process 37 exited with code 0
2022/07/29 13:04:48 [notice] 1#1: worker process 38 exited with code 0
2022/07/29 13:04:48 [notice] 1#1: worker process 40 exited with code 0
2022/07/29 13:04:48 [notice] 1#1: signal 29 (SIGIO) received
2022/07/29 13:04:48 [notice] 1#1: signal 17 (SIGCHLD) received from 35
2022/07/29 13:04:48 [notice] 1#1: signal 17 (SIGCHLD) received from 34
2022/07/29 13:04:48 [notice] 1#1: worker process 34 exited with code 0
2022/07/29 13:04:48 [notice] 1#1: signal 29 (SIGIO) received
2022/07/29 13:04:48 [notice] 1#1: signal 17 (SIGCHLD) received from 39
2022/07/29 13:04:48 [notice] 1#1: worker process 39 exited with code 0
2022/07/29 13:04:48 [notice] 1#1: worker process 42 exited with code 0
2022/07/29 13:04:48 [notice] 1#1: signal 29 (SIGIO) received
2022/07/29 13:04:48 [notice] 1#1: signal 17 (SIGCHLD) received from 36
2022/07/29 13:04:48 [notice] 1#1: worker process 36 exited with code 0
2022/07/29 13:04:48 [notice] 1#1: exit
2022/07/29 13:19:29 [notice] 1#1: using the "epoll" event method
2022/07/29 13:19:29 [notice] 1#1: nginx/1.23.1
2022/07/29 13:19:29 [notice] 1#1: built by gcc 11.2.1 20220219 (Alpine 11.2.1_git20220219) 
2022/07/29 13:19:29 [notice] 1#1: OS: Linux 5.10.16.3-microsoft-standard-WSL2
2022/07/29 13:19:29 [notice] 1#1: getrlimit(RLIMIT_NOFILE): 1048576:1048576
2022/07/29 13:19:29 [notice] 1#1: start worker processes
2022/07/29 13:19:29 [notice] 1#1: start worker process 31
2022/07/29 13:19:29 [notice] 1#1: start worker process 32
2022/07/29 13:19:29 [notice] 1#1: start worker process 33
2022/07/29 13:19:29 [notice] 1#1: start worker process 34
2022/07/29 13:19:29 [notice] 1#1: start worker process 35
2022/07/29 13:19:29 [notice] 1#1: start worker process 36
2022/07/29 13:19:29 [notice] 1#1: start worker process 37
2022/07/29 13:19:29 [notice] 1#1: start worker process 38
2022/07/29 13:19:29 [notice] 1#1: start worker process 39
2022/07/29 13:19:29 [notice] 1#1: start worker process 40
2022/07/29 13:19:29 [notice] 1#1: start worker process 41
2022/07/29 13:19:29 [notice] 1#1: start worker process 42
2022/07/29 14:42:37 [notice] 1#1: signal 3 (SIGQUIT) received, shutting down
2022/07/29 14:42:37 [notice] 31#31: gracefully shutting down
2022/07/29 14:42:37 [notice] 35#35: gracefully shutting down
2022/07/29 14:42:37 [notice] 32#32: gracefully shutting down
2022/07/29 14:42:37 [notice] 31#31: exiting
2022/07/29 14:42:37 [notice] 33#33: gracefully shutting down
2022/07/29 14:42:37 [notice] 34#34: gracefully shutting down
2022/07/29 14:42:37 [notice] 36#36: gracefully shutting down
2022/07/29 14:42:37 [notice] 37#37: gracefully shutting down
2022/07/29 14:42:37 [notice] 39#39: gracefully shutting down
2022/07/29 14:42:37 [notice] 40#40: gracefully shutting down
2022/07/29 14:42:37 [notice] 41#41: gracefully shutting down
2022/07/29 14:42:37 [notice] 38#38: gracefully shutting down
2022/07/29 14:42:37 [notice] 42#42: gracefully shutting down
2022/07/29 14:42:37 [notice] 35#35: exiting
2022/07/29 14:42:37 [notice] 32#32: exiting
2022/07/29 14:42:37 [notice] 31#31: exit
2022/07/29 14:42:37 [notice] 34#34: exiting
2022/07/29 14:42:37 [notice] 33#33: exiting
2022/07/29 14:42:37 [notice] 36#36: exiting
2022/07/29 14:42:37 [notice] 37#37: exiting
2022/07/29 14:42:37 [notice] 39#39: exiting
2022/07/29 14:42:37 [notice] 40#40: exiting
2022/07/29 14:42:37 [notice] 41#41: exiting
2022/07/29 14:42:37 [notice] 38#38: exiting
2022/07/29 14:42:37 [notice] 35#35: exit
2022/07/29 14:42:37 [notice] 41#41: exit
2022/07/29 14:42:37 [notice] 32#32: exit
2022/07/29 14:42:37 [notice] 42#42: exiting
2022/07/29 14:42:37 [notice] 34#34: exit
2022/07/29 14:42:37 [notice] 33#33: exit
2022/07/29 14:42:37 [notice] 36#36: exit
2022/07/29 14:42:37 [notice] 37#37: exit
2022/07/29 14:42:37 [notice] 39#39: exit
2022/07/29 14:42:37 [notice] 40#40: exit
2022/07/29 14:42:37 [notice] 38#38: exit
2022/07/29 14:42:37 [notice] 42#42: exit
2022/07/29 14:42:37 [notice] 1#1: signal 17 (SIGCHLD) received from 40
2022/07/29 14:42:37 [notice] 1#1: worker process 40 exited with code 0
2022/07/29 14:42:37 [notice] 1#1: signal 29 (SIGIO) received
2022/07/29 14:42:37 [notice] 1#1: signal 17 (SIGCHLD) received from 37
2022/07/29 14:42:37 [notice] 1#1: worker process 32 exited with code 0
2022/07/29 14:42:37 [notice] 1#1: worker process 34 exited with code 0
2022/07/29 14:42:37 [notice] 1#1: worker process 37 exited with code 0
2022/07/29 14:42:37 [notice] 1#1: worker process 39 exited with code 0
2022/07/29 14:42:37 [notice] 1#1: signal 29 (SIGIO) received
2022/07/29 14:42:37 [notice] 1#1: signal 17 (SIGCHLD) received from 39
2022/07/29 14:42:37 [notice] 1#1: signal 17 (SIGCHLD) received from 35
2022/07/29 14:42:37 [notice] 1#1: worker process 35 exited with code 0
2022/07/29 14:42:37 [notice] 1#1: worker process 36 exited with code 0
2022/07/29 14:42:37 [notice] 1#1: worker process 38 exited with code 0
2022/07/29 14:42:37 [notice] 1#1: worker process 41 exited with code 0
2022/07/29 14:42:37 [notice] 1#1: signal 29 (SIGIO) received
2022/07/29 14:42:37 [notice] 1#1: signal 17 (SIGCHLD) received from 41
2022/07/29 14:42:37 [notice] 1#1: signal 17 (SIGCHLD) received from 31
2022/07/29 14:42:37 [notice] 1#1: worker process 31 exited with code 0
2022/07/29 14:42:37 [notice] 1#1: signal 29 (SIGIO) received
2022/07/29 14:42:37 [notice] 1#1: signal 17 (SIGCHLD) received from 42
2022/07/29 14:42:37 [notice] 1#1: worker process 33 exited with code 0
2022/07/29 14:42:37 [notice] 1#1: worker process 42 exited with code 0
2022/07/29 14:42:37 [notice] 1#1: exit
2022/07/29 14:47:36 [notice] 1#1: using the "epoll" event method
2022/07/29 14:47:36 [notice] 1#1: nginx/1.23.1
2022/07/29 14:47:36 [notice] 1#1: built by gcc 11.2.1 20220219 (Alpine 11.2.1_git20220219) 
2022/07/29 14:47:36 [notice] 1#1: OS: Linux 5.10.16.3-microsoft-standard-WSL2
2022/07/29 14:47:36 [notice] 1#1: getrlimit(RLIMIT_NOFILE): 1048576:1048576
2022/07/29 14:47:36 [notice] 1#1: start worker processes
2022/07/29 14:47:36 [notice] 1#1: start worker process 31
2022/07/29 14:47:36 [notice] 1#1: start worker process 32
2022/07/29 14:47:36 [notice] 1#1: start worker process 33
2022/07/29 14:47:36 [notice] 1#1: start worker process 34
2022/07/29 14:47:36 [notice] 1#1: start worker process 35
2022/07/29 14:47:36 [notice] 1#1: start worker process 36
2022/07/29 14:47:36 [notice] 1#1: start worker process 37
2022/07/29 14:47:36 [notice] 1#1: start worker process 38
2022/07/29 14:47:36 [notice] 1#1: start worker process 39
2022/07/29 14:47:36 [notice] 1#1: start worker process 40
2022/07/29 14:47:36 [notice] 1#1: start worker process 41
2022/07/29 14:47:36 [notice] 1#1: start worker process 42
2022/07/29 14:51:52 [notice] 1#1: signal 3 (SIGQUIT) received, shutting down
2022/07/29 14:51:52 [notice] 31#31: gracefully shutting down
2022/07/29 14:51:52 [notice] 32#32: gracefully shutting down
2022/07/29 14:51:52 [notice] 33#33: gracefully shutting down
2022/07/29 14:51:52 [notice] 34#34: gracefully shutting down
2022/07/29 14:51:52 [notice] 35#35: gracefully shutting down
2022/07/29 14:51:52 [notice] 36#36: gracefully shutting down
2022/07/29 14:51:52 [notice] 37#37: gracefully shutting down
2022/07/29 14:51:52 [notice] 39#39: gracefully shutting down
2022/07/29 14:51:52 [notice] 38#38: gracefully shutting down
2022/07/29 14:51:52 [notice] 40#40: gracefully shutting down
2022/07/29 14:51:52 [notice] 41#41: gracefully shutting down
2022/07/29 14:51:52 [notice] 42#42: gracefully shutting down
2022/07/29 14:51:52 [notice] 31#31: exiting
2022/07/29 14:51:52 [notice] 32#32: exiting
2022/07/29 14:51:52 [notice] 33#33: exiting
2022/07/29 14:51:52 [notice] 34#34: exiting
2022/07/29 14:51:52 [notice] 35#35: exiting
2022/07/29 14:51:52 [notice] 36#36: exiting
2022/07/29 14:51:52 [notice] 37#37: exiting
2022/07/29 14:51:52 [notice] 39#39: exiting
2022/07/29 14:51:52 [notice] 38#38: exiting
2022/07/29 14:51:52 [notice] 40#40: exiting
2022/07/29 14:51:52 [notice] 41#41: exiting
2022/07/29 14:51:52 [notice] 40#40: exit
2022/07/29 14:51:52 [notice] 42#42: exiting
2022/07/29 14:51:52 [notice] 31#31: exit
2022/07/29 14:51:52 [notice] 32#32: exit
2022/07/29 14:51:52 [notice] 33#33: exit
2022/07/29 14:51:52 [notice] 34#34: exit
2022/07/29 14:51:52 [notice] 35#35: exit
2022/07/29 14:51:52 [notice] 36#36: exit
2022/07/29 14:51:52 [notice] 37#37: exit
2022/07/29 14:51:52 [notice] 39#39: exit
2022/07/29 14:51:52 [notice] 38#38: exit
2022/07/29 14:51:52 [notice] 41#41: exit
2022/07/29 14:51:52 [notice] 42#42: exit
2022/07/29 14:51:52 [notice] 1#1: signal 17 (SIGCHLD) received from 40
2022/07/29 14:51:52 [notice] 1#1: worker process 40 exited with code 0
2022/07/29 14:51:52 [notice] 1#1: signal 29 (SIGIO) received
2022/07/29 14:51:52 [notice] 1#1: signal 17 (SIGCHLD) received from 37
2022/07/29 14:51:52 [notice] 1#1: worker process 33 exited with code 0
2022/07/29 14:51:52 [notice] 1#1: worker process 37 exited with code 0
2022/07/29 14:51:52 [notice] 1#1: worker process 38 exited with code 0
2022/07/29 14:51:52 [notice] 1#1: worker process 39 exited with code 0
2022/07/29 14:51:52 [notice] 1#1: signal 29 (SIGIO) received
2022/07/29 14:51:52 [notice] 1#1: signal 17 (SIGCHLD) received from 33
2022/07/29 14:51:52 [notice] 1#1: signal 17 (SIGCHLD) received from 42
2022/07/29 14:51:52 [notice] 1#1: worker process 35 exited with code 0
2022/07/29 14:51:52 [notice] 1#1: worker process 42 exited with code 0
2022/07/29 14:51:52 [notice] 1#1: signal 29 (SIGIO) received
2022/07/29 14:51:52 [notice] 1#1: signal 17 (SIGCHLD) received from 31
2022/07/29 14:51:52 [notice] 1#1: worker process 31 exited with code 0
2022/07/29 14:51:52 [notice] 1#1: worker process 36 exited with code 0
2022/07/29 14:51:52 [notice] 1#1: worker process 41 exited with code 0
2022/07/29 14:51:52 [notice] 1#1: signal 29 (SIGIO) received
2022/07/29 14:51:52 [notice] 1#1: signal 17 (SIGCHLD) received from 36
2022/07/29 14:51:52 [notice] 1#1: signal 17 (SIGCHLD) received from 32
2022/07/29 14:51:52 [notice] 1#1: worker process 32 exited with code 0
2022/07/29 14:51:52 [notice] 1#1: signal 29 (SIGIO) received
2022/07/29 14:51:52 [notice] 1#1: signal 17 (SIGCHLD) received from 34
2022/07/29 14:51:52 [notice] 1#1: worker process 34 exited with code 0
2022/07/29 14:51:52 [notice] 1#1: exit
2022/07/29 14:53:38 [notice] 1#1: using the "epoll" event method
2022/07/29 14:53:38 [notice] 1#1: nginx/1.23.1
2022/07/29 14:53:38 [notice] 1#1: built by gcc 11.2.1 20220219 (Alpine 11.2.1_git20220219) 
2022/07/29 14:53:38 [notice] 1#1: OS: Linux 5.10.16.3-microsoft-standard-WSL2
2022/07/29 14:53:38 [notice] 1#1: getrlimit(RLIMIT_NOFILE): 1048576:1048576
2022/07/29 14:53:38 [notice] 1#1: start worker processes
2022/07/29 14:53:38 [notice] 1#1: start worker process 31
2022/07/29 14:53:38 [notice] 1#1: start worker process 32
2022/07/29 14:53:38 [notice] 1#1: start worker process 33
2022/07/29 14:53:38 [notice] 1#1: start worker process 34
2022/07/29 14:53:38 [notice] 1#1: start worker process 35
2022/07/29 14:53:38 [notice] 1#1: start worker process 36
2022/07/29 14:53:38 [notice] 1#1: start worker process 37
2022/07/29 14:53:38 [notice] 1#1: start worker process 38
2022/07/29 14:53:38 [notice] 1#1: start worker process 39
2022/07/29 14:53:38 [notice] 1#1: start worker process 40
2022/07/29 14:53:38 [notice] 1#1: start worker process 41
2022/07/29 14:53:38 [notice] 1#1: start worker process 42
2022/07/29 15:02:37 [notice] 1#1: signal 3 (SIGQUIT) received, shutting down
2022/07/29 15:02:37 [notice] 31#31: gracefully shutting down
2022/07/29 15:02:37 [notice] 32#32: gracefully shutting down
2022/07/29 15:02:37 [notice] 33#33: gracefully shutting down
2022/07/29 15:02:37 [notice] 34#34: gracefully shutting down
2022/07/29 15:02:37 [notice] 35#35: gracefully shutting down
2022/07/29 15:02:37 [notice] 37#37: gracefully shutting down
2022/07/29 15:02:37 [notice] 38#38: gracefully shutting down
2022/07/29 15:02:37 [notice] 36#36: gracefully shutting down
2022/07/29 15:02:37 [notice] 39#39: gracefully shutting down
2022/07/29 15:02:37 [notice] 40#40: gracefully shutting down
2022/07/29 15:02:37 [notice] 41#41: gracefully shutting down
2022/07/29 15:02:37 [notice] 42#42: gracefully shutting down
2022/07/29 15:02:37 [notice] 31#31: exiting
2022/07/29 15:02:37 [notice] 32#32: exiting
2022/07/29 15:02:37 [notice] 33#33: exiting
2022/07/29 15:02:37 [notice] 34#34: exiting
2022/07/29 15:02:37 [notice] 35#35: exiting
2022/07/29 15:02:37 [notice] 37#37: exiting
2022/07/29 15:02:37 [notice] 38#38: exiting
2022/07/29 15:02:37 [notice] 36#36: exiting
2022/07/29 15:02:37 [notice] 39#39: exiting
2022/07/29 15:02:37 [notice] 40#40: exiting
2022/07/29 15:02:37 [notice] 41#41: exiting
2022/07/29 15:02:37 [notice] 42#42: exiting
2022/07/29 15:02:37 [notice] 31#31: exit
2022/07/29 15:02:37 [notice] 32#32: exit
2022/07/29 15:02:37 [notice] 33#33: exit
2022/07/29 15:02:37 [notice] 34#34: exit
2022/07/29 15:02:37 [notice] 35#35: exit
2022/07/29 15:02:37 [notice] 37#37: exit
2022/07/29 15:02:37 [notice] 38#38: exit
2022/07/29 15:02:37 [notice] 36#36: exit
2022/07/29 15:02:37 [notice] 39#39: exit
2022/07/29 15:02:37 [notice] 40#40: exit
2022/07/29 15:02:37 [notice] 41#41: exit
2022/07/29 15:02:37 [notice] 42#42: exit
2022/07/29 15:02:37 [notice] 1#1: signal 17 (SIGCHLD) received from 33
2022/07/29 15:02:37 [notice] 1#1: worker process 33 exited with code 0
2022/07/29 15:02:37 [notice] 1#1: worker process 36 exited with code 0
2022/07/29 15:02:37 [notice] 1#1: signal 29 (SIGIO) received
2022/07/29 15:02:37 [notice] 1#1: signal 17 (SIGCHLD) received from 41
2022/07/29 15:02:37 [notice] 1#1: worker process 34 exited with code 0
2022/07/29 15:02:37 [notice] 1#1: worker process 41 exited with code 0
2022/07/29 15:02:37 [notice] 1#1: signal 29 (SIGIO) received
2022/07/29 15:02:37 [notice] 1#1: signal 17 (SIGCHLD) received from 32
2022/07/29 15:02:37 [notice] 1#1: worker process 32 exited with code 0
2022/07/29 15:02:37 [notice] 1#1: worker process 40 exited with code 0
2022/07/29 15:02:37 [notice] 1#1: signal 29 (SIGIO) received
2022/07/29 15:02:37 [notice] 1#1: signal 17 (SIGCHLD) received from 40
2022/07/29 15:02:37 [notice] 1#1: signal 17 (SIGCHLD) received from 35
2022/07/29 15:02:37 [notice] 1#1: worker process 35 exited with code 0
2022/07/29 15:02:37 [notice] 1#1: signal 29 (SIGIO) received
2022/07/29 15:02:37 [notice] 1#1: signal 17 (SIGCHLD) received from 31
2022/07/29 15:02:37 [notice] 1#1: worker process 31 exited with code 0
2022/07/29 15:02:37 [notice] 1#1: worker process 42 exited with code 0
2022/07/29 15:02:37 [notice] 1#1: signal 29 (SIGIO) received
2022/07/29 15:02:37 [notice] 1#1: signal 17 (SIGCHLD) received from 42
2022/07/29 15:02:37 [notice] 1#1: signal 17 (SIGCHLD) received from 37
2022/07/29 15:02:37 [notice] 1#1: worker process 37 exited with code 0
2022/07/29 15:02:37 [notice] 1#1: worker process 39 exited with code 0
2022/07/29 15:02:37 [notice] 1#1: signal 29 (SIGIO) received
2022/07/29 15:02:37 [notice] 1#1: signal 17 (SIGCHLD) received from 38
2022/07/29 15:02:37 [notice] 1#1: worker process 38 exited with code 0
2022/07/29 15:02:37 [notice] 1#1: exit
2022/07/29 15:27:17 [notice] 1#1: using the "epoll" event method
2022/07/29 15:27:17 [notice] 1#1: nginx/1.23.1
2022/07/29 15:27:17 [notice] 1#1: built by gcc 11.2.1 20220219 (Alpine 11.2.1_git20220219) 
2022/07/29 15:27:17 [notice] 1#1: OS: Linux 5.10.16.3-microsoft-standard-WSL2
2022/07/29 15:27:17 [notice] 1#1: getrlimit(RLIMIT_NOFILE): 1048576:1048576
2022/07/29 15:27:17 [notice] 1#1: start worker processes
2022/07/29 15:27:17 [notice] 1#1: start worker process 31
2022/07/29 15:27:17 [notice] 1#1: start worker process 32
2022/07/29 15:27:17 [notice] 1#1: start worker process 33
2022/07/29 15:27:17 [notice] 1#1: start worker process 34
2022/07/29 15:27:17 [notice] 1#1: start worker process 35
2022/07/29 15:27:17 [notice] 1#1: start worker process 36
2022/07/29 15:27:17 [notice] 1#1: start worker process 37
2022/07/29 15:27:17 [notice] 1#1: start worker process 38
2022/07/29 15:27:17 [notice] 1#1: start worker process 39
2022/07/29 15:27:17 [notice] 1#1: start worker process 40
2022/07/29 15:27:17 [notice] 1#1: start worker process 41
2022/07/29 15:27:17 [notice] 1#1: start worker process 42
2022/07/29 15:28:21 [notice] 1#1: signal 3 (SIGQUIT) received, shutting down
2022/07/29 15:28:21 [notice] 31#31: gracefully shutting down
2022/07/29 15:28:21 [notice] 32#32: gracefully shutting down
2022/07/29 15:28:21 [notice] 33#33: gracefully shutting down
2022/07/29 15:28:21 [notice] 35#35: gracefully shutting down
2022/07/29 15:28:21 [notice] 34#34: gracefully shutting down
2022/07/29 15:28:21 [notice] 36#36: gracefully shutting down
2022/07/29 15:28:21 [notice] 37#37: gracefully shutting down
2022/07/29 15:28:21 [notice] 38#38: gracefully shutting down
2022/07/29 15:28:21 [notice] 39#39: gracefully shutting down
2022/07/29 15:28:21 [notice] 40#40: gracefully shutting down
2022/07/29 15:28:21 [notice] 42#42: gracefully shutting down
2022/07/29 15:28:21 [notice] 41#41: gracefully shutting down
2022/07/29 15:28:21 [notice] 32#32: exiting
2022/07/29 15:28:21 [notice] 33#33: exiting
2022/07/29 15:28:21 [notice] 35#35: exiting
2022/07/29 15:28:21 [notice] 34#34: exiting
2022/07/29 15:28:21 [notice] 36#36: exiting
2022/07/29 15:28:21 [notice] 37#37: exiting
2022/07/29 15:28:21 [notice] 38#38: exiting
2022/07/29 15:28:21 [notice] 39#39: exiting
2022/07/29 15:28:21 [notice] 40#40: exiting
2022/07/29 15:28:21 [notice] 42#42: exiting
2022/07/29 15:28:21 [notice] 41#41: exiting
2022/07/29 15:28:21 [notice] 32#32: exit
2022/07/29 15:28:21 [notice] 33#33: exit
2022/07/29 15:28:21 [notice] 35#35: exit
2022/07/29 15:28:21 [notice] 34#34: exit
2022/07/29 15:28:21 [notice] 36#36: exit
2022/07/29 15:28:21 [notice] 37#37: exit
2022/07/29 15:28:21 [notice] 38#38: exit
2022/07/29 15:28:21 [notice] 39#39: exit
2022/07/29 15:28:21 [notice] 40#40: exit
2022/07/29 15:28:21 [notice] 42#42: exit
2022/07/29 15:28:21 [notice] 41#41: exit
2022/07/29 15:28:21 [notice] 1#1: signal 17 (SIGCHLD) received from 33
2022/07/29 15:28:21 [notice] 1#1: worker process 32 exited with code 0
2022/07/29 15:28:21 [notice] 1#1: worker process 33 exited with code 0
2022/07/29 15:28:21 [notice] 1#1: worker process 36 exited with code 0
2022/07/29 15:28:21 [notice] 1#1: worker process 37 exited with code 0
2022/07/29 15:28:21 [notice] 1#1: worker process 41 exited with code 0
2022/07/29 15:28:21 [notice] 1#1: worker process 42 exited with code 0
2022/07/29 15:28:21 [notice] 1#1: signal 29 (SIGIO) received
2022/07/29 15:28:21 [notice] 1#1: signal 17 (SIGCHLD) received from 41
2022/07/29 15:28:21 [notice] 1#1: signal 17 (SIGCHLD) received from 39
2022/07/29 15:28:21 [notice] 1#1: worker process 34 exited with code 0
2022/07/29 15:28:21 [notice] 1#1: worker process 38 exited with code 0
2022/07/29 15:28:21 [notice] 1#1: worker process 39 exited with code 0
2022/07/29 15:28:21 [notice] 1#1: signal 29 (SIGIO) received
2022/07/29 15:28:21 [notice] 1#1: signal 17 (SIGCHLD) received from 40
2022/07/29 15:28:21 [notice] 1#1: worker process 35 exited with code 0
2022/07/29 15:28:21 [notice] 1#1: worker process 40 exited with code 0
2022/07/29 15:28:21 [notice] 1#1: signal 29 (SIGIO) received
2022/07/29 15:28:21 [notice] 1#1: signal 17 (SIGCHLD) received from 35
2022/07/29 15:28:29 [notice] 31#31: exiting
2022/07/29 15:28:29 [notice] 31#31: exit
2022/07/29 15:28:29 [notice] 1#1: signal 17 (SIGCHLD) received from 31
2022/07/29 15:28:29 [notice] 1#1: worker process 31 exited with code 0
2022/07/29 15:28:29 [notice] 1#1: exit
2022/07/29 17:38:37 [notice] 1#1: using the "epoll" event method
2022/07/29 17:38:37 [notice] 1#1: nginx/1.23.1
2022/07/29 17:38:37 [notice] 1#1: built by gcc 11.2.1 20220219 (Alpine 11.2.1_git20220219) 
2022/07/29 17:38:37 [notice] 1#1: OS: Linux 5.10.16.3-microsoft-standard-WSL2
2022/07/29 17:38:37 [notice] 1#1: getrlimit(RLIMIT_NOFILE): 1048576:1048576
2022/07/29 17:38:37 [notice] 1#1: start worker processes
2022/07/29 17:38:37 [notice] 1#1: start worker process 31
2022/07/29 17:38:37 [notice] 1#1: start worker process 32
2022/07/29 17:38:37 [notice] 1#1: start worker process 33
2022/07/29 17:38:37 [notice] 1#1: start worker process 34
2022/07/29 17:38:37 [notice] 1#1: start worker process 35
2022/07/29 17:38:37 [notice] 1#1: start worker process 36
2022/07/29 17:38:37 [notice] 1#1: start worker process 37
2022/07/29 17:38:37 [notice] 1#1: start worker process 38
2022/07/29 17:38:37 [notice] 1#1: start worker process 39
2022/07/29 17:38:37 [notice] 1#1: start worker process 40
2022/07/29 17:38:37 [notice] 1#1: start worker process 41
2022/07/29 17:38:37 [notice] 1#1: start worker process 42
2022/07/29 18:00:55 [notice] 1#1: using the "epoll" event method
2022/07/29 18:00:55 [notice] 1#1: nginx/1.23.1
2022/07/29 18:00:55 [notice] 1#1: built by gcc 11.2.1 20220219 (Alpine 11.2.1_git20220219) 
2022/07/29 18:00:55 [notice] 1#1: OS: Linux 5.10.16.3-microsoft-standard-WSL2
2022/07/29 18:00:55 [notice] 1#1: getrlimit(RLIMIT_NOFILE): 1048576:1048576
2022/07/29 18:00:55 [notice] 1#1: start worker processes
2022/07/29 18:00:55 [notice] 1#1: start worker process 31
2022/07/29 18:00:55 [notice] 1#1: start worker process 32
2022/07/29 18:00:55 [notice] 1#1: start worker process 33
2022/07/29 18:00:55 [notice] 1#1: start worker process 34
2022/07/29 18:00:55 [notice] 1#1: start worker process 35
2022/07/29 18:00:55 [notice] 1#1: start worker process 36
2022/07/29 18:00:55 [notice] 1#1: start worker process 37
2022/07/29 18:00:55 [notice] 1#1: start worker process 38
2022/07/29 18:00:55 [notice] 1#1: start worker process 39
2022/07/29 18:00:55 [notice] 1#1: start worker process 40
2022/07/29 18:00:55 [notice] 1#1: start worker process 41
2022/07/29 18:00:55 [notice] 1#1: start worker process 42
2022/07/29 18:31:56 [notice] 1#1: using the "epoll" event method
2022/07/29 18:31:56 [notice] 1#1: nginx/1.23.1
2022/07/29 18:31:56 [notice] 1#1: built by gcc 11.2.1 20220219 (Alpine 11.2.1_git20220219) 
2022/07/29 18:31:56 [notice] 1#1: OS: Linux 5.10.16.3-microsoft-standard-WSL2
2022/07/29 18:31:56 [notice] 1#1: getrlimit(RLIMIT_NOFILE): 1048576:1048576
2022/07/29 18:31:56 [notice] 1#1: start worker processes
2022/07/29 18:31:56 [notice] 1#1: start worker process 31
2022/07/29 18:31:56 [notice] 1#1: start worker process 32
2022/07/29 18:31:56 [notice] 1#1: start worker process 33
2022/07/29 18:31:56 [notice] 1#1: start worker process 34
2022/07/29 18:31:56 [notice] 1#1: start worker process 35
2022/07/29 18:31:56 [notice] 1#1: start worker process 36
2022/07/29 18:31:56 [notice] 1#1: start worker process 37
2022/07/29 18:31:56 [notice] 1#1: start worker process 38
2022/07/29 18:31:56 [notice] 1#1: start worker process 39
2022/07/29 18:31:56 [notice] 1#1: start worker process 40
2022/07/29 18:31:56 [notice] 1#1: start worker process 41
2022/07/29 18:31:56 [notice] 1#1: start worker process 42
2022/07/29 19:38:42 [notice] 1#1: signal 3 (SIGQUIT) received, shutting down
2022/07/29 19:38:42 [notice] 31#31: gracefully shutting down
2022/07/29 19:38:42 [notice] 32#32: gracefully shutting down
2022/07/29 19:38:42 [notice] 33#33: gracefully shutting down
2022/07/29 19:38:42 [notice] 34#34: gracefully shutting down
2022/07/29 19:38:42 [notice] 35#35: gracefully shutting down
2022/07/29 19:38:42 [notice] 37#37: gracefully shutting down
2022/07/29 19:38:42 [notice] 36#36: gracefully shutting down
2022/07/29 19:38:42 [notice] 38#38: gracefully shutting down
2022/07/29 19:38:42 [notice] 41#41: gracefully shutting down
2022/07/29 19:38:42 [notice] 42#42: gracefully shutting down
2022/07/29 19:38:42 [notice] 39#39: gracefully shutting down
2022/07/29 19:38:42 [notice] 31#31: exiting
2022/07/29 19:38:42 [notice] 32#32: exiting
2022/07/29 19:38:42 [notice] 35#35: exiting
2022/07/29 19:38:42 [notice] 34#34: exiting
2022/07/29 19:38:42 [notice] 36#36: exiting
2022/07/29 19:38:42 [notice] 37#37: exiting
2022/07/29 19:38:42 [notice] 31#31: exit
2022/07/29 19:38:42 [notice] 32#32: exit
2022/07/29 19:38:42 [notice] 38#38: exiting
2022/07/29 19:38:42 [notice] 36#36: exit
2022/07/29 19:38:42 [notice] 35#35: exit
2022/07/29 19:38:42 [notice] 34#34: exit
2022/07/29 19:38:42 [notice] 37#37: exit
2022/07/29 19:38:42 [notice] 38#38: exit
2022/07/29 19:38:42 [notice] 42#42: exiting
2022/07/29 19:38:42 [notice] 39#39: exiting
2022/07/29 19:38:42 [notice] 42#42: exit
2022/07/29 19:38:42 [notice] 39#39: exit
2022/07/29 19:38:42 [notice] 40#40: gracefully shutting down
2022/07/29 19:38:42 [notice] 41#41: exiting
2022/07/29 19:38:42 [notice] 33#33: exiting
2022/07/29 19:38:42 [notice] 41#41: exit
2022/07/29 19:38:42 [notice] 33#33: exit
2022/07/29 19:38:42 [notice] 40#40: exiting
2022/07/29 19:38:42 [notice] 40#40: exit
2022/07/29 19:38:42 [notice] 1#1: signal 17 (SIGCHLD) received from 35
2022/07/29 19:38:42 [notice] 1#1: worker process 31 exited with code 0
2022/07/29 19:38:42 [notice] 1#1: worker process 35 exited with code 0
2022/07/29 19:38:42 [notice] 1#1: signal 29 (SIGIO) received
2022/07/29 19:38:42 [notice] 1#1: signal 17 (SIGCHLD) received from 42
2022/07/29 19:38:42 [notice] 1#1: worker process 32 exited with code 0
2022/07/29 19:38:42 [notice] 1#1: worker process 33 exited with code 0
2022/07/29 19:38:42 [notice] 1#1: worker process 34 exited with code 0
2022/07/29 19:38:42 [notice] 1#1: worker process 38 exited with code 0
2022/07/29 19:38:42 [notice] 1#1: worker process 41 exited with code 0
2022/07/29 19:38:42 [notice] 1#1: worker process 42 exited with code 0
2022/07/29 19:38:42 [notice] 1#1: signal 29 (SIGIO) received
2022/07/29 19:38:42 [notice] 1#1: signal 17 (SIGCHLD) received from 40
2022/07/29 19:38:42 [notice] 1#1: worker process 36 exited with code 0
2022/07/29 19:38:42 [notice] 1#1: worker process 40 exited with code 0
2022/07/29 19:38:42 [notice] 1#1: signal 29 (SIGIO) received
2022/07/29 19:38:42 [notice] 1#1: signal 17 (SIGCHLD) received from 39
2022/07/29 19:38:42 [notice] 1#1: worker process 37 exited with code 0
2022/07/29 19:38:42 [notice] 1#1: worker process 39 exited with code 0
2022/07/29 19:38:42 [notice] 1#1: exit
2022/07/29 19:39:26 [notice] 1#1: using the "epoll" event method
2022/07/29 19:39:26 [notice] 1#1: nginx/1.23.1
2022/07/29 19:39:26 [notice] 1#1: built by gcc 11.2.1 20220219 (Alpine 11.2.1_git20220219) 
2022/07/29 19:39:26 [notice] 1#1: OS: Linux 5.10.16.3-microsoft-standard-WSL2
2022/07/29 19:39:26 [notice] 1#1: getrlimit(RLIMIT_NOFILE): 1048576:1048576
2022/07/29 19:39:26 [notice] 1#1: start worker processes
2022/07/29 19:39:26 [notice] 1#1: start worker process 31
2022/07/29 19:39:26 [notice] 1#1: start worker process 32
2022/07/29 19:39:26 [notice] 1#1: start worker process 33
2022/07/29 19:39:26 [notice] 1#1: start worker process 34
2022/07/29 19:39:26 [notice] 1#1: start worker process 35
2022/07/29 19:39:26 [notice] 1#1: start worker process 36
2022/07/29 19:39:26 [notice] 1#1: start worker process 37
2022/07/29 19:39:26 [notice] 1#1: start worker process 38
2022/07/29 19:39:26 [notice] 1#1: start worker process 39
2022/07/29 19:39:26 [notice] 1#1: start worker process 40
2022/07/29 19:39:26 [notice] 1#1: start worker process 41
2022/07/29 19:39:26 [notice] 1#1: start worker process 42
2022/07/29 19:48:19 [notice] 1#1: signal 3 (SIGQUIT) received, shutting down
2022/07/29 19:48:19 [notice] 31#31: gracefully shutting down
2022/07/29 19:48:19 [notice] 32#32: gracefully shutting down
2022/07/29 19:48:19 [notice] 33#33: gracefully shutting down
2022/07/29 19:48:19 [notice] 31#31: exiting
2022/07/29 19:48:19 [notice] 34#34: gracefully shutting down
2022/07/29 19:48:19 [notice] 35#35: gracefully shutting down
2022/07/29 19:48:19 [notice] 32#32: exiting
2022/07/29 19:48:19 [notice] 36#36: gracefully shutting down
2022/07/29 19:48:19 [notice] 40#40: gracefully shutting down
2022/07/29 19:48:19 [notice] 33#33: exiting
2022/07/29 19:48:19 [notice] 41#41: gracefully shutting down
2022/07/29 19:48:19 [notice] 34#34: exiting
2022/07/29 19:48:19 [notice] 35#35: exiting
2022/07/29 19:48:19 [notice] 36#36: exiting
2022/07/29 19:48:19 [notice] 40#40: exiting
2022/07/29 19:48:19 [notice] 41#41: exiting
2022/07/29 19:48:19 [notice] 38#38: gracefully shutting down
2022/07/29 19:48:19 [notice] 38#38: exiting
2022/07/29 19:48:19 [notice] 32#32: exit
2022/07/29 19:48:19 [notice] 31#31: exit
2022/07/29 19:48:19 [notice] 34#34: exit
2022/07/29 19:48:19 [notice] 33#33: exit
2022/07/29 19:48:19 [notice] 35#35: exit
2022/07/29 19:48:19 [notice] 36#36: exit
2022/07/29 19:48:19 [notice] 41#41: exit
2022/07/29 19:48:19 [notice] 40#40: exit
2022/07/29 19:48:19 [notice] 38#38: exit
2022/07/29 19:48:19 [notice] 42#42: gracefully shutting down
2022/07/29 19:48:19 [notice] 39#39: gracefully shutting down
2022/07/29 19:48:19 [notice] 37#37: gracefully shutting down
2022/07/29 19:48:19 [notice] 39#39: exiting
2022/07/29 19:48:19 [notice] 42#42: exiting
2022/07/29 19:48:19 [notice] 37#37: exiting
2022/07/29 19:48:19 [notice] 39#39: exit
2022/07/29 19:48:19 [notice] 42#42: exit
2022/07/29 19:48:19 [notice] 37#37: exit
2022/07/29 19:48:19 [notice] 1#1: signal 17 (SIGCHLD) received from 40
2022/07/29 19:48:19 [notice] 1#1: worker process 32 exited with code 0
2022/07/29 19:48:19 [notice] 1#1: worker process 33 exited with code 0
2022/07/29 19:48:19 [notice] 1#1: worker process 34 exited with code 0
2022/07/29 19:48:19 [notice] 1#1: worker process 35 exited with code 0
2022/07/29 19:48:19 [notice] 1#1: worker process 36 exited with code 0
2022/07/29 19:48:19 [notice] 1#1: worker process 38 exited with code 0
2022/07/29 19:48:19 [notice] 1#1: worker process 40 exited with code 0
2022/07/29 19:48:19 [notice] 1#1: worker process 41 exited with code 0
2022/07/29 19:48:19 [notice] 1#1: signal 29 (SIGIO) received
2022/07/29 19:48:19 [notice] 1#1: signal 17 (SIGCHLD) received from 41
2022/07/29 19:48:19 [notice] 1#1: signal 17 (SIGCHLD) received from 39
2022/07/29 19:48:19 [notice] 1#1: worker process 37 exited with code 0
2022/07/29 19:48:19 [notice] 1#1: worker process 39 exited with code 0
2022/07/29 19:48:19 [notice] 1#1: worker process 42 exited with code 0
2022/07/29 19:48:19 [notice] 1#1: signal 29 (SIGIO) received
2022/07/29 19:48:20 [notice] 1#1: signal 17 (SIGCHLD) received from 31
2022/07/29 19:48:20 [notice] 1#1: worker process 31 exited with code 0
2022/07/29 19:48:20 [notice] 1#1: exit
2022/07/29 19:52:17 [notice] 1#1: using the "epoll" event method
2022/07/29 19:52:17 [notice] 1#1: nginx/1.23.1
2022/07/29 19:52:17 [notice] 1#1: built by gcc 11.2.1 20220219 (Alpine 11.2.1_git20220219) 
2022/07/29 19:52:17 [notice] 1#1: OS: Linux 5.10.16.3-microsoft-standard-WSL2
2022/07/29 19:52:17 [notice] 1#1: getrlimit(RLIMIT_NOFILE): 1048576:1048576
2022/07/29 19:52:17 [notice] 1#1: start worker processes
2022/07/29 19:52:17 [notice] 1#1: start worker process 31
2022/07/29 19:52:17 [notice] 1#1: start worker process 32
2022/07/29 19:52:17 [notice] 1#1: start worker process 33
2022/07/29 19:52:17 [notice] 1#1: start worker process 34
2022/07/29 19:52:17 [notice] 1#1: start worker process 35
2022/07/29 19:52:17 [notice] 1#1: start worker process 36
2022/07/29 19:52:17 [notice] 1#1: start worker process 37
2022/07/29 19:52:17 [notice] 1#1: start worker process 38
2022/07/29 19:52:17 [notice] 1#1: start worker process 39
2022/07/29 19:52:17 [notice] 1#1: start worker process 40
2022/07/29 19:52:17 [notice] 1#1: start worker process 41
2022/07/29 19:52:17 [notice] 1#1: start worker process 42
2022/07/29 19:53:25 [notice] 1#1: signal 3 (SIGQUIT) received, shutting down
2022/07/29 19:53:25 [notice] 31#31: gracefully shutting down
2022/07/29 19:53:25 [notice] 32#32: gracefully shutting down
2022/07/29 19:53:25 [notice] 33#33: gracefully shutting down
2022/07/29 19:53:25 [notice] 34#34: gracefully shutting down
2022/07/29 19:53:25 [notice] 31#31: exiting
2022/07/29 19:53:25 [notice] 32#32: exiting
2022/07/29 19:53:25 [notice] 33#33: exiting
2022/07/29 19:53:25 [notice] 35#35: gracefully shutting down
2022/07/29 19:53:25 [notice] 37#37: gracefully shutting down
2022/07/29 19:53:25 [notice] 34#34: exiting
2022/07/29 19:53:25 [notice] 35#35: exiting
2022/07/29 19:53:25 [notice] 41#41: gracefully shutting down
2022/07/29 19:53:25 [notice] 37#37: exiting
2022/07/29 19:53:25 [notice] 38#38: gracefully shutting down
2022/07/29 19:53:25 [notice] 41#41: exiting
2022/07/29 19:53:25 [notice] 38#38: exiting
2022/07/29 19:53:25 [notice] 37#37: exit
2022/07/29 19:53:25 [notice] 33#33: exit
2022/07/29 19:53:25 [notice] 32#32: exit
2022/07/29 19:53:25 [notice] 35#35: exit
2022/07/29 19:53:25 [notice] 34#34: exit
2022/07/29 19:53:25 [notice] 31#31: exit
2022/07/29 19:53:25 [notice] 41#41: exit
2022/07/29 19:53:25 [notice] 38#38: exit
2022/07/29 19:53:25 [notice] 36#36: gracefully shutting down
2022/07/29 19:53:25 [notice] 36#36: exiting
2022/07/29 19:53:25 [notice] 36#36: exit
2022/07/29 19:53:25 [notice] 42#42: gracefully shutting down
2022/07/29 19:53:25 [notice] 42#42: exiting
2022/07/29 19:53:25 [notice] 39#39: gracefully shutting down
2022/07/29 19:53:25 [notice] 39#39: exiting
2022/07/29 19:53:25 [notice] 42#42: exit
2022/07/29 19:53:25 [notice] 40#40: gracefully shutting down
2022/07/29 19:53:25 [notice] 39#39: exit
2022/07/29 19:53:25 [notice] 40#40: exiting
2022/07/29 19:53:25 [notice] 40#40: exit
2022/07/29 19:53:25 [notice] 1#1: signal 17 (SIGCHLD) received from 35
2022/07/29 19:53:25 [notice] 1#1: worker process 34 exited with code 0
2022/07/29 19:53:25 [notice] 1#1: worker process 35 exited with code 0
2022/07/29 19:53:25 [notice] 1#1: worker process 40 exited with code 0
2022/07/29 19:53:25 [notice] 1#1: worker process 41 exited with code 0
2022/07/29 19:53:25 [notice] 1#1: signal 29 (SIGIO) received
2022/07/29 19:53:25 [notice] 1#1: signal 17 (SIGCHLD) received from 34
2022/07/29 19:53:25 [notice] 1#1: signal 17 (SIGCHLD) received from 31
2022/07/29 19:53:25 [notice] 1#1: worker process 31 exited with code 0
2022/07/29 19:53:25 [notice] 1#1: signal 29 (SIGIO) received
2022/07/29 19:53:25 [notice] 1#1: signal 17 (SIGCHLD) received from 36
2022/07/29 19:53:25 [notice] 1#1: worker process 33 exited with code 0
2022/07/29 19:53:25 [notice] 1#1: worker process 36 exited with code 0
2022/07/29 19:53:25 [notice] 1#1: worker process 37 exited with code 0
2022/07/29 19:53:25 [notice] 1#1: signal 29 (SIGIO) received
2022/07/29 19:53:25 [notice] 1#1: signal 17 (SIGCHLD) received from 38
2022/07/29 19:53:25 [notice] 1#1: worker process 32 exited with code 0
2022/07/29 19:53:25 [notice] 1#1: worker process 38 exited with code 0
2022/07/29 19:53:25 [notice] 1#1: worker process 42 exited with code 0
2022/07/29 19:53:25 [notice] 1#1: signal 29 (SIGIO) received
2022/07/29 19:53:25 [notice] 1#1: signal 17 (SIGCHLD) received from 39
2022/07/29 19:53:25 [notice] 1#1: worker process 39 exited with code 0
2022/07/29 19:53:25 [notice] 1#1: exit
2022/07/29 19:54:18 [notice] 1#1: using the "epoll" event method
2022/07/29 19:54:18 [notice] 1#1: nginx/1.23.1
2022/07/29 19:54:18 [notice] 1#1: built by gcc 11.2.1 20220219 (Alpine 11.2.1_git20220219) 
2022/07/29 19:54:18 [notice] 1#1: OS: Linux 5.10.16.3-microsoft-standard-WSL2
2022/07/29 19:54:18 [notice] 1#1: getrlimit(RLIMIT_NOFILE): 1048576:1048576
2022/07/29 19:54:18 [notice] 1#1: start worker processes
2022/07/29 19:54:18 [notice] 1#1: start worker process 31
2022/07/29 19:54:18 [notice] 1#1: start worker process 32
2022/07/29 19:54:18 [notice] 1#1: start worker process 33
2022/07/29 19:54:18 [notice] 1#1: start worker process 34
2022/07/29 19:54:18 [notice] 1#1: start worker process 35
2022/07/29 19:54:18 [notice] 1#1: start worker process 36
2022/07/29 19:54:18 [notice] 1#1: start worker process 37
2022/07/29 19:54:18 [notice] 1#1: start worker process 38
2022/07/29 19:54:18 [notice] 1#1: start worker process 39
2022/07/29 19:54:18 [notice] 1#1: start worker process 40
2022/07/29 19:54:18 [notice] 1#1: start worker process 41
2022/07/29 19:54:18 [notice] 1#1: start worker process 42
2022/07/29 20:02:29 [notice] 1#1: signal 3 (SIGQUIT) received, shutting down
2022/07/29 20:02:29 [notice] 31#31: gracefully shutting down
2022/07/29 20:02:29 [notice] 32#32: gracefully shutting down
2022/07/29 20:02:29 [notice] 33#33: gracefully shutting down
2022/07/29 20:02:29 [notice] 34#34: gracefully shutting down
2022/07/29 20:02:29 [notice] 35#35: gracefully shutting down
2022/07/29 20:02:29 [notice] 31#31: exiting
2022/07/29 20:02:29 [notice] 37#37: gracefully shutting down
2022/07/29 20:02:29 [notice] 32#32: exiting
2022/07/29 20:02:29 [notice] 39#39: gracefully shutting down
2022/07/29 20:02:29 [notice] 36#36: gracefully shutting down
2022/07/29 20:02:29 [notice] 35#35: exiting
2022/07/29 20:02:29 [notice] 37#37: exiting
2022/07/29 20:02:29 [notice] 40#40: gracefully shutting down
2022/07/29 20:02:29 [notice] 39#39: exiting
2022/07/29 20:02:29 [notice] 36#36: exiting
2022/07/29 20:02:29 [notice] 40#40: exiting
2022/07/29 20:02:29 [notice] 31#31: exit
2022/07/29 20:02:29 [notice] 32#32: exit
2022/07/29 20:02:29 [notice] 37#37: exit
2022/07/29 20:02:29 [notice] 39#39: exit
2022/07/29 20:02:29 [notice] 35#35: exit
2022/07/29 20:02:29 [notice] 36#36: exit
2022/07/29 20:02:29 [notice] 40#40: exit
2022/07/29 20:02:29 [notice] 42#42: gracefully shutting down
2022/07/29 20:02:29 [notice] 42#42: exiting
2022/07/29 20:02:29 [notice] 42#42: exit
2022/07/29 20:02:29 [notice] 41#41: gracefully shutting down
2022/07/29 20:02:29 [notice] 41#41: exiting
2022/07/29 20:02:29 [notice] 41#41: exit
2022/07/29 20:02:29 [notice] 38#38: gracefully shutting down
2022/07/29 20:02:29 [notice] 38#38: exiting
2022/07/29 20:02:29 [notice] 38#38: exit
2022/07/29 20:02:29 [notice] 1#1: signal 17 (SIGCHLD) received from 41
2022/07/29 20:02:29 [notice] 1#1: worker process 31 exited with code 0
2022/07/29 20:02:29 [notice] 1#1: worker process 32 exited with code 0
2022/07/29 20:02:29 [notice] 1#1: worker process 35 exited with code 0
2022/07/29 20:02:29 [notice] 1#1: worker process 37 exited with code 0
2022/07/29 20:02:29 [notice] 1#1: worker process 41 exited with code 0
2022/07/29 20:02:29 [notice] 1#1: worker process 42 exited with code 0
2022/07/29 20:02:29 [notice] 1#1: signal 29 (SIGIO) received
2022/07/29 20:02:29 [notice] 1#1: signal 17 (SIGCHLD) received from 37
2022/07/29 20:02:29 [notice] 1#1: signal 17 (SIGCHLD) received from 40
2022/07/29 20:02:29 [notice] 1#1: worker process 38 exited with code 0
2022/07/29 20:02:29 [notice] 1#1: worker process 40 exited with code 0
2022/07/29 20:02:29 [notice] 1#1: signal 29 (SIGIO) received
2022/07/29 20:02:29 [notice] 1#1: signal 17 (SIGCHLD) received from 36
2022/07/29 20:02:29 [notice] 1#1: worker process 36 exited with code 0
2022/07/29 20:02:29 [notice] 1#1: signal 29 (SIGIO) received
2022/07/29 20:02:29 [notice] 1#1: signal 17 (SIGCHLD) received from 39
2022/07/29 20:02:29 [notice] 1#1: worker process 39 exited with code 0
2022/07/29 20:02:29 [notice] 1#1: signal 29 (SIGIO) received
